<?xml version="1.0" encoding="UTF-8"?>
<!-- Generated by org.testng.reporters.JUnitReportReporter -->
<testsuite hostname="LAPTOP-MK7OB2GD" failures="0" tests="4" name="com.demoshop24.baseTest.CartItemTest" time="31.790" errors="0" timestamp="2021-04-04T23:29:16 IST" skipped="0">
  <testcase classname="com.demoshop24.baseTest.CartItemTest" name="verifyAddToCart" time="7.807"/>
  <system-out/>
  <testcase classname="com.demoshop24.baseTest.CartItemTest" name="verifyCartTotalQuantity" time="7.683"/>
  <system-out/>
  <testcase classname="com.demoshop24.baseTest.CartItemTest" name="verifyViewPageCartTitle" time="8.882"/>
  <system-out/>
  <testcase classname="com.demoshop24.baseTest.CartItemTest" name="verifyProductSearchDetailsPage" time="7.418"/>
  <system-out/>
</testsuite> <!-- com.demoshop24.baseTest.CartItemTest -->
