<?xml version="1.0" encoding="UTF-8"?>
<!-- Generated by org.testng.reporters.JUnitReportReporter -->
<testsuite hostname="LAPTOP-MK7OB2GD" failures="0" tests="5" name="com.demoshop24.test.CartItemTest" time="45.325" errors="0" timestamp="2021-04-05T03:47:57 IST" skipped="0">
  <testcase classname="com.demoshop24.test.CartItemTest" name="verifyAddToCart" time="8.824"/>
  <system-out/>
  <testcase classname="com.demoshop24.test.CartItemTest" name="verifyProductSearchDetailsPage" time="7.670"/>
  <system-out/>
  <testcase classname="com.demoshop24.test.CartItemTest" name="verifyViewPageCartTitle" time="9.219"/>
  <system-out/>
  <testcase classname="com.demoshop24.test.CartItemTest" name="verifyRemoveCart" time="10.969"/>
  <system-out/>
  <testcase classname="com.demoshop24.test.CartItemTest" name="verifyCartTotalQuantity" time="8.643"/>
  <system-out/>
</testsuite> <!-- com.demoshop24.test.CartItemTest -->
