<?xml version="1.0" encoding="UTF-8"?>
<!-- Generated by org.testng.reporters.JUnitReportReporter -->
<testsuite hostname="LAPTOP-MK7OB2GD" failures="0" tests="4" name="com.demoshop24.test.LoginTest" time="26.523" errors="0" timestamp="2021-04-05T03:43:22 IST" skipped="0">
  <testcase classname="com.demoshop24.test.LoginTest" name="verifyInvalidCredentials" time="6.401"/>
  <system-out/>
  <testcase classname="com.demoshop24.test.LoginTest" name="verifyLoginPageTitle" time="6.342"/>
  <system-out/>
  <testcase classname="com.demoshop24.test.LoginTest" name="verifyloginCredentials" time="6.395"/>
  <system-out/>
  <testcase classname="com.demoshop24.test.LoginTest" name="verifyLogoutFunctionality" time="7.385"/>
  <system-out/>
</testsuite> <!-- com.demoshop24.test.LoginTest -->
