<?xml version="1.0" encoding="UTF-8"?>
<!-- Generated by org.testng.reporters.JUnitReportReporter -->
<testsuite hostname="LAPTOP-MK7OB2GD" failures="0" tests="3" name="com.demoshop24.test.SearchTest" time="20.164" errors="0" timestamp="2021-04-05T03:43:22 IST" skipped="0">
  <testcase classname="com.demoshop24.test.SearchTest" name="verifySearchCriteriaResult" time="6.504"/>
  <system-out/>
  <testcase classname="com.demoshop24.test.SearchTest" name="verifyEmptyKeywordSearch" time="6.082"/>
  <system-out/>
  <testcase classname="com.demoshop24.test.SearchTest" name="verifySearchResults" time="7.578"/>
  <system-out/>
</testsuite> <!-- com.demoshop24.test.SearchTest -->
