<?xml version="1.0" encoding="UTF-8"?>
<!-- Generated by org.testng.reporters.JUnitReportReporter -->
<testsuite hostname="LAPTOP-MK7OB2GD" failures="0" tests="3" name="com.demoshop24.baseTest.SearchTest" time="18.496" errors="0" timestamp="2021-04-04T23:29:16 IST" skipped="0">
  <testcase classname="com.demoshop24.baseTest.SearchTest" name="verifySearchCriteriaResult" time="6.549"/>
  <system-out/>
  <testcase classname="com.demoshop24.baseTest.SearchTest" name="verifySearchResults" time="6.561"/>
  <system-out/>
  <testcase classname="com.demoshop24.baseTest.SearchTest" name="verifyEmptyKeywordSearch" time="5.386"/>
  <system-out/>
</testsuite> <!-- com.demoshop24.baseTest.SearchTest -->
